<?xml version="1.0" encoding="UTF-8"?>
<!-- Generated by org.testng.reporters.JUnitXMLReporter -->
<testsuite ignored="6" hostname="DESKTOP-OBQ3MPO" failures="0" tests="8" name="Sigin" time="33.629" errors="0" timestamp="2025-12-25T19:46:45 IST">
  <testcase classname="TestCases.SignInValidation" name="TC01_SignIn" time="1.459"/>
  <testcase classname="TestCases.SignInValidation" name="TC02_FillCreds" time="13.441"/>
  <testcase classname="TestCases.HomePageValidation" name="TC01_LanguageValidation" time="7.563"/>
  <testcase classname="TestCases.HomePageValidation" name="TC02_SearchProduct" time="3.829"/>
  <testcase classname="TestCases.ProductPageValidation" name="TC01_SelectFeatures" time="0.818"/>
  <testcase classname="TestCases.ProductPageValidation" name="TC02_AddProduct" time="0.049"/>
  <testcase classname="TestCases.CartPageValidation" name="TC01_CartValidation" time="2.0"/>
  <testcase classname="TestCases.CartPageValidation" name="TC02_RemoveProduct" time="0.04"/>
  <testcase classname="TestCases.BaseTest" name="@AfterSuite TearDown" time="0.0">
    <ignored/>
  </testcase> <!-- @AfterSuite TearDown -->
  <testcase classname="TestCases.BaseTest" name="@AfterSuite TearDown" time="0.0">
    <ignored/>
  </testcase> <!-- @AfterSuite TearDown -->
  <testcase classname="TestCases.BaseTest" name="@BeforeSuite OpenBrowser" time="0.0">
    <ignored/>
  </testcase> <!-- @BeforeSuite OpenBrowser -->
  <testcase classname="TestCases.BaseTest" name="@AfterSuite TearDown" time="0.0">
    <ignored/>
  </testcase> <!-- @AfterSuite TearDown -->
  <testcase classname="TestCases.BaseTest" name="@BeforeSuite OpenBrowser" time="0.0">
    <ignored/>
  </testcase> <!-- @BeforeSuite OpenBrowser -->
  <testcase classname="TestCases.BaseTest" name="@BeforeSuite OpenBrowser" time="0.0">
    <ignored/>
  </testcase> <!-- @BeforeSuite OpenBrowser -->
</testsuite> <!-- Sigin -->
