<?xml version="1.0" encoding="UTF-8"?>
<!-- Generated by org.testng.reporters.JUnitXMLReporter -->
<testsuite ignored="6" hostname="DESKTOP-OBQ3MPO" failures="0" tests="3" name="Sigin" time="10.299" errors="0" timestamp="2025-12-18T16:47:39 IST">
  <testcase classname="TestCases.HomePageValidation" name="TC01_SearchProduct" time="5.441"/>
  <testcase classname="TestCases.ProductPageValidation" name="TC01_SelectFeatures" time="2.906"/>
  <testcase classname="TestCases.ProductPageValidation" name="TC02_AddProduct" time="0.064"/>
  <testcase classname="TestCases.BaseTest" name="@AfterSuite TearDown" time="0.0">
    <ignored/>
  </testcase> <!-- @AfterSuite TearDown -->
  <testcase classname="TestCases.BaseTest" name="@BeforeSuite OpenBrowser" time="0.0">
    <ignored/>
  </testcase> <!-- @BeforeSuite OpenBrowser -->
  <testcase classname="TestCases.SignInValidation" name="TC02_FillCreds" time="0.0">
    <ignored/>
  </testcase> <!-- TC02_FillCreds -->
  <testcase classname="TestCases.BaseTest" name="@AfterSuite TearDown" time="0.0">
    <ignored/>
  </testcase> <!-- @AfterSuite TearDown -->
  <testcase classname="TestCases.BaseTest" name="@BeforeSuite OpenBrowser" time="0.0">
    <ignored/>
  </testcase> <!-- @BeforeSuite OpenBrowser -->
  <testcase classname="TestCases.SignInValidation" name="TC01_SignIn" time="0.0">
    <ignored/>
  </testcase> <!-- TC01_SignIn -->
</testsuite> <!-- Sigin -->
