<?xml version="1.0" encoding="UTF-8"?>
<!-- Generated by org.testng.reporters.JUnitXMLReporter -->
<testsuite ignored="2" hostname="DESKTOP-OBQ3MPO" failures="0" tests="1" name="Test" time="16.666" errors="0" timestamp="2025-12-18T15:37:45 IST">
  <testcase classname="TestCases.HomePageValidation" name="TC01_SearchProduct" time="10.053"/>
  <testcase classname="TestCases.SignInValidation" name="TC01_SignIn" time="0.0">
    <ignored/>
  </testcase> <!-- TC01_SignIn -->
  <testcase classname="TestCases.SignInValidation" name="TC02_FillCreds" time="0.0">
    <ignored/>
  </testcase> <!-- TC02_FillCreds -->
</testsuite> <!-- Test -->
