<?xml version="1.0" encoding="UTF-8"?>
<testng-results ignored="2" total="3" passed="1" failed="0" skipped="0">
  <reporter-output>
  </reporter-output>
  <suite started-at="2025-12-18T15:37:27 IST" name="Suite" finished-at="2025-12-18T15:37:44 IST" duration-ms="16666">
    <groups>
      <group name="HomePage">
        <method signature="HomePageValidation.TC01_SearchProduct()[pri:0, instance:TestCases.HomePageValidation@40005471]" name="TC01_SearchProduct" class="TestCases.HomePageValidation"/>
      </group> <!-- HomePage -->
      <group name="regression">
        <method signature="HomePageValidation.TC01_SearchProduct()[pri:0, instance:TestCases.HomePageValidation@40005471]" name="TC01_SearchProduct" class="TestCases.HomePageValidation"/>
      </group> <!-- regression -->
    </groups>
    <test started-at="2025-12-18T15:37:27 IST" name="Test" finished-at="2025-12-18T15:37:44 IST" duration-ms="16666">
      <class name="TestCases.HomePageValidation">
        <test-method is-config="true" signature="OpenBrowser()[pri:0, instance:TestCases.HomePageValidation@40005471]" started-at="2025-12-18T15:37:28 IST" name="OpenBrowser" finished-at="2025-12-18T15:37:33 IST" duration-ms="5029" status="PASS">
          <reporter-output>
          </reporter-output>
        </test-method> <!-- OpenBrowser -->
        <test-method signature="TC01_SearchProduct()[pri:0, instance:TestCases.HomePageValidation@40005471]" started-at="2025-12-18T15:37:33 IST" name="TC01_SearchProduct" finished-at="2025-12-18T15:37:43 IST" duration-ms="10053" status="PASS">
          <reporter-output>
          </reporter-output>
        </test-method> <!-- TC01_SearchProduct -->
        <test-method is-config="true" signature="TearDown()[pri:0, instance:TestCases.HomePageValidation@40005471]" started-at="2025-12-18T15:37:43 IST" name="TearDown" finished-at="2025-12-18T15:37:44 IST" duration-ms="436" status="PASS">
          <reporter-output>
          </reporter-output>
        </test-method> <!-- TearDown -->
      </class> <!-- TestCases.HomePageValidation -->
    </test> <!-- Test -->
  </suite> <!-- Suite -->
</testng-results>
