<?xml version="1.0" encoding="UTF-8"?>
<testng-results ignored="0" total="2" passed="2" failed="0" skipped="0">
  <reporter-output>
  </reporter-output>
  <suite started-at="2025-12-18T15:31:52 IST" name="Default suite" finished-at="2025-12-18T15:32:20 IST" duration-ms="27656">
    <groups>
      <group name="regression">
        <method signature="SignInValidation.TC01_SignIn()[pri:0, instance:TestCases.SignInValidation@79079097]" name="TC01_SignIn" class="TestCases.SignInValidation"/>
        <method signature="SignInValidation.TC02_FillCreds(java.lang.String,java.lang.String,java.lang.String)[pri:0, instance:TestCases.SignInValidation@79079097]" name="TC02_FillCreds" class="TestCases.SignInValidation"/>
      </group> <!-- regression -->
      <group name="SignIn">
        <method signature="SignInValidation.TC01_SignIn()[pri:0, instance:TestCases.SignInValidation@79079097]" name="TC01_SignIn" class="TestCases.SignInValidation"/>
        <method signature="SignInValidation.TC02_FillCreds(java.lang.String,java.lang.String,java.lang.String)[pri:0, instance:TestCases.SignInValidation@79079097]" name="TC02_FillCreds" class="TestCases.SignInValidation"/>
      </group> <!-- SignIn -->
    </groups>
    <test started-at="2025-12-18T15:31:52 IST" name="Default test" finished-at="2025-12-18T15:32:20 IST" duration-ms="27656">
      <class name="TestCases.SignInValidation">
        <test-method is-config="true" signature="OpenBrowser()[pri:0, instance:TestCases.SignInValidation@79079097]" started-at="2025-12-18T15:31:47 IST" name="OpenBrowser" finished-at="2025-12-18T15:31:52 IST" duration-ms="5755" status="PASS">
          <reporter-output>
          </reporter-output>
        </test-method> <!-- OpenBrowser -->
        <test-method signature="TC01_SignIn()[pri:0, instance:TestCases.SignInValidation@79079097]" started-at="2025-12-18T15:31:52 IST" name="TC01_SignIn" finished-at="2025-12-18T15:31:58 IST" duration-ms="5573" status="PASS">
          <reporter-output>
          </reporter-output>
        </test-method> <!-- TC01_SignIn -->
        <test-method signature="TC02_FillCreds(java.lang.String,java.lang.String,java.lang.String)[pri:0, instance:TestCases.SignInValidation@79079097]" started-at="2025-12-18T15:32:00 IST" name="TC02_FillCreds" data-provider="ExcelData" finished-at="2025-12-18T15:32:20 IST" duration-ms="19823" status="PASS">
          <params>
            <param index="0">
              <value>
                <![CDATA[88aamankhan@gmail.com]]>
              </value>
            </param>
            <param index="1">
              <value>
                <![CDATA[Amna@071125]]>
              </value>
            </param>
            <param index="2">
              <value>
                <![CDATA[pass]]>
              </value>
            </param>
          </params>
          <reporter-output>
          </reporter-output>
        </test-method> <!-- TC02_FillCreds -->
        <test-method is-config="true" signature="TearDown()[pri:0, instance:TestCases.SignInValidation@79079097]" started-at="2025-12-18T15:32:20 IST" name="TearDown" finished-at="2025-12-18T15:32:20 IST" duration-ms="341" status="PASS">
          <reporter-output>
          </reporter-output>
        </test-method> <!-- TearDown -->
      </class> <!-- TestCases.SignInValidation -->
    </test> <!-- Default test -->
  </suite> <!-- Default suite -->
</testng-results>
