<?xml version="1.0" encoding="UTF-8"?>
<testng-results ignored="0" total="8" passed="8" failed="0" skipped="0">
  <reporter-output>
  </reporter-output>
  <suite started-at="2025-12-25T19:46:11 IST" name="Suite" finished-at="2025-12-25T19:46:44 IST" duration-ms="33629">
    <groups>
      <group name="HomePage">
        <method signature="HomePageValidation.TC01_LanguageValidation()[pri:0, instance:TestCases.HomePageValidation@49438269]" name="TC01_LanguageValidation" class="TestCases.HomePageValidation"/>
        <method signature="HomePageValidation.TC02_SearchProduct()[pri:0, instance:TestCases.HomePageValidation@49438269]" name="TC02_SearchProduct" class="TestCases.HomePageValidation"/>
        <method signature="SignInValidation.TC01_SignIn()[pri:0, instance:TestCases.SignInValidation@26794848]" name="TC01_SignIn" class="TestCases.SignInValidation"/>
        <method signature="SignInValidation.TC02_FillCreds(java.lang.String,java.lang.String,java.lang.String)[pri:0, instance:TestCases.SignInValidation@26794848]" name="TC02_FillCreds" class="TestCases.SignInValidation"/>
      </group> <!-- HomePage -->
      <group name="regression">
        <method signature="CartPageValidation.TC01_CartValidation()[pri:0, instance:TestCases.CartPageValidation@1c1bbc4e]" name="TC01_CartValidation" class="TestCases.CartPageValidation"/>
        <method signature="CartPageValidation.TC02_RemoveProduct()[pri:0, instance:TestCases.CartPageValidation@1c1bbc4e]" name="TC02_RemoveProduct" class="TestCases.CartPageValidation"/>
        <method signature="HomePageValidation.TC01_LanguageValidation()[pri:0, instance:TestCases.HomePageValidation@49438269]" name="TC01_LanguageValidation" class="TestCases.HomePageValidation"/>
        <method signature="HomePageValidation.TC02_SearchProduct()[pri:0, instance:TestCases.HomePageValidation@49438269]" name="TC02_SearchProduct" class="TestCases.HomePageValidation"/>
        <method signature="ProductPageValidation.TC01_SelectFeatures()[pri:0, instance:TestCases.ProductPageValidation@ba2f4ec]" name="TC01_SelectFeatures" class="TestCases.ProductPageValidation"/>
        <method signature="ProductPageValidation.TC02_AddProduct()[pri:0, instance:TestCases.ProductPageValidation@ba2f4ec]" name="TC02_AddProduct" class="TestCases.ProductPageValidation"/>
        <method signature="SignInValidation.TC01_SignIn()[pri:0, instance:TestCases.SignInValidation@26794848]" name="TC01_SignIn" class="TestCases.SignInValidation"/>
        <method signature="SignInValidation.TC02_FillCreds(java.lang.String,java.lang.String,java.lang.String)[pri:0, instance:TestCases.SignInValidation@26794848]" name="TC02_FillCreds" class="TestCases.SignInValidation"/>
      </group> <!-- regression -->
      <group name="SignIn">
        <method signature="SignInValidation.TC01_SignIn()[pri:0, instance:TestCases.SignInValidation@26794848]" name="TC01_SignIn" class="TestCases.SignInValidation"/>
        <method signature="SignInValidation.TC02_FillCreds(java.lang.String,java.lang.String,java.lang.String)[pri:0, instance:TestCases.SignInValidation@26794848]" name="TC02_FillCreds" class="TestCases.SignInValidation"/>
      </group> <!-- SignIn -->
      <group name="Product">
        <method signature="HomePageValidation.TC01_LanguageValidation()[pri:0, instance:TestCases.HomePageValidation@49438269]" name="TC01_LanguageValidation" class="TestCases.HomePageValidation"/>
        <method signature="HomePageValidation.TC02_SearchProduct()[pri:0, instance:TestCases.HomePageValidation@49438269]" name="TC02_SearchProduct" class="TestCases.HomePageValidation"/>
        <method signature="ProductPageValidation.TC01_SelectFeatures()[pri:0, instance:TestCases.ProductPageValidation@ba2f4ec]" name="TC01_SelectFeatures" class="TestCases.ProductPageValidation"/>
        <method signature="ProductPageValidation.TC02_AddProduct()[pri:0, instance:TestCases.ProductPageValidation@ba2f4ec]" name="TC02_AddProduct" class="TestCases.ProductPageValidation"/>
      </group> <!-- Product -->
      <group name="cart">
        <method signature="CartPageValidation.TC01_CartValidation()[pri:0, instance:TestCases.CartPageValidation@1c1bbc4e]" name="TC01_CartValidation" class="TestCases.CartPageValidation"/>
        <method signature="CartPageValidation.TC02_RemoveProduct()[pri:0, instance:TestCases.CartPageValidation@1c1bbc4e]" name="TC02_RemoveProduct" class="TestCases.CartPageValidation"/>
        <method signature="HomePageValidation.TC02_SearchProduct()[pri:0, instance:TestCases.HomePageValidation@49438269]" name="TC02_SearchProduct" class="TestCases.HomePageValidation"/>
        <method signature="ProductPageValidation.TC02_AddProduct()[pri:0, instance:TestCases.ProductPageValidation@ba2f4ec]" name="TC02_AddProduct" class="TestCases.ProductPageValidation"/>
      </group> <!-- cart -->
    </groups>
    <test started-at="2025-12-25T19:46:11 IST" name="Sigin" finished-at="2025-12-25T19:46:44 IST" duration-ms="33629">
      <class name="TestCases.ProductPageValidation">
        <test-method is-config="true" signature="setupPageObject()[pri:0, instance:TestCases.ProductPageValidation@ba2f4ec]" started-at="2025-12-25T19:46:41 IST" name="setupPageObject" finished-at="2025-12-25T19:46:41 IST" duration-ms="24" status="PASS">
          <reporter-output>
          </reporter-output>
        </test-method> <!-- setupPageObject -->
        <test-method signature="TC01_SelectFeatures()[pri:0, instance:TestCases.ProductPageValidation@ba2f4ec]" started-at="2025-12-25T19:46:41 IST" name="TC01_SelectFeatures" finished-at="2025-12-25T19:46:42 IST" duration-ms="818" status="PASS">
          <reporter-output>
          </reporter-output>
        </test-method> <!-- TC01_SelectFeatures -->
        <test-method is-config="true" signature="setupPageObject()[pri:0, instance:TestCases.ProductPageValidation@ba2f4ec]" started-at="2025-12-25T19:46:42 IST" name="setupPageObject" finished-at="2025-12-25T19:46:42 IST" duration-ms="1" status="PASS">
          <reporter-output>
          </reporter-output>
        </test-method> <!-- setupPageObject -->
        <test-method signature="TC02_AddProduct()[pri:0, instance:TestCases.ProductPageValidation@ba2f4ec]" started-at="2025-12-25T19:46:42 IST" name="TC02_AddProduct" finished-at="2025-12-25T19:46:42 IST" duration-ms="49" status="PASS">
          <reporter-output>
          </reporter-output>
        </test-method> <!-- TC02_AddProduct -->
      </class> <!-- TestCases.ProductPageValidation -->
      <class name="TestCases.CartPageValidation">
        <test-method is-config="true" signature="Object()[pri:0, instance:TestCases.CartPageValidation@1c1bbc4e]" started-at="2025-12-25T19:46:42 IST" name="Object" finished-at="2025-12-25T19:46:42 IST" duration-ms="3" status="PASS">
          <reporter-output>
          </reporter-output>
        </test-method> <!-- Object -->
        <test-method signature="TC01_CartValidation()[pri:0, instance:TestCases.CartPageValidation@1c1bbc4e]" started-at="2025-12-25T19:46:42 IST" name="TC01_CartValidation" finished-at="2025-12-25T19:46:44 IST" duration-ms="2000" status="PASS">
          <reporter-output>
          </reporter-output>
        </test-method> <!-- TC01_CartValidation -->
        <test-method is-config="true" signature="Object()[pri:0, instance:TestCases.CartPageValidation@1c1bbc4e]" started-at="2025-12-25T19:46:44 IST" name="Object" finished-at="2025-12-25T19:46:44 IST" duration-ms="3" status="PASS">
          <reporter-output>
          </reporter-output>
        </test-method> <!-- Object -->
        <test-method signature="TC02_RemoveProduct()[pri:0, instance:TestCases.CartPageValidation@1c1bbc4e]" started-at="2025-12-25T19:46:44 IST" name="TC02_RemoveProduct" finished-at="2025-12-25T19:46:44 IST" duration-ms="40" status="PASS">
          <reporter-output>
          </reporter-output>
        </test-method> <!-- TC02_RemoveProduct -->
      </class> <!-- TestCases.CartPageValidation -->
      <class name="TestCases.HomePageValidation">
        <test-method is-config="true" signature="Object()[pri:0, instance:TestCases.HomePageValidation@49438269]" started-at="2025-12-25T19:46:29 IST" name="Object" finished-at="2025-12-25T19:46:29 IST" duration-ms="30" status="PASS">
          <reporter-output>
          </reporter-output>
        </test-method> <!-- Object -->
        <test-method signature="TC01_LanguageValidation()[pri:0, instance:TestCases.HomePageValidation@49438269]" started-at="2025-12-25T19:46:29 IST" name="TC01_LanguageValidation" finished-at="2025-12-25T19:46:37 IST" duration-ms="7563" status="PASS">
          <reporter-output>
          </reporter-output>
        </test-method> <!-- TC01_LanguageValidation -->
        <test-method is-config="true" signature="Object()[pri:0, instance:TestCases.HomePageValidation@49438269]" started-at="2025-12-25T19:46:37 IST" name="Object" finished-at="2025-12-25T19:46:37 IST" duration-ms="3" status="PASS">
          <reporter-output>
          </reporter-output>
        </test-method> <!-- Object -->
        <test-method signature="TC02_SearchProduct()[pri:0, instance:TestCases.HomePageValidation@49438269]" started-at="2025-12-25T19:46:37 IST" name="TC02_SearchProduct" finished-at="2025-12-25T19:46:41 IST" duration-ms="3829" status="PASS">
          <reporter-output>
          </reporter-output>
        </test-method> <!-- TC02_SearchProduct -->
      </class> <!-- TestCases.HomePageValidation -->
      <class name="TestCases.SignInValidation">
        <test-method is-config="true" signature="OpenBrowser()[pri:0, instance:TestCases.SignInValidation@26794848]" started-at="2025-12-25T19:46:00 IST" name="OpenBrowser" finished-at="2025-12-25T19:46:11 IST" duration-ms="10972" status="PASS">
          <reporter-output>
          </reporter-output>
        </test-method> <!-- OpenBrowser -->
        <test-method is-config="true" signature="Objcet()[pri:0, instance:TestCases.SignInValidation@26794848]" started-at="2025-12-25T19:46:12 IST" name="Objcet" finished-at="2025-12-25T19:46:12 IST" duration-ms="39" status="PASS">
          <reporter-output>
          </reporter-output>
        </test-method> <!-- Objcet -->
        <test-method signature="TC01_SignIn()[pri:0, instance:TestCases.SignInValidation@26794848]" started-at="2025-12-25T19:46:12 IST" name="TC01_SignIn" finished-at="2025-12-25T19:46:13 IST" duration-ms="1459" status="PASS">
          <reporter-output>
          </reporter-output>
        </test-method> <!-- TC01_SignIn -->
        <test-method is-config="true" signature="Objcet()[pri:0, instance:TestCases.SignInValidation@26794848]" started-at="2025-12-25T19:46:15 IST" name="Objcet" finished-at="2025-12-25T19:46:15 IST" duration-ms="8" status="PASS">
          <reporter-output>
          </reporter-output>
        </test-method> <!-- Objcet -->
        <test-method signature="TC02_FillCreds(java.lang.String,java.lang.String,java.lang.String)[pri:0, instance:TestCases.SignInValidation@26794848]" started-at="2025-12-25T19:46:15 IST" name="TC02_FillCreds" data-provider="ExcelData" finished-at="2025-12-25T19:46:29 IST" duration-ms="13441" status="PASS">
          <params>
            <param index="0">
              <value>
                <![CDATA[88aamankhan@gmail.com]]>
              </value>
            </param>
            <param index="1">
              <value>
                <![CDATA[Amna@071125]]>
              </value>
            </param>
            <param index="2">
              <value>
                <![CDATA[pass]]>
              </value>
            </param>
          </params>
          <reporter-output>
          </reporter-output>
        </test-method> <!-- TC02_FillCreds -->
        <test-method is-config="true" signature="TearDown()[pri:0, instance:TestCases.SignInValidation@26794848]" started-at="2025-12-25T19:46:45 IST" name="TearDown" finished-at="2025-12-25T19:46:46 IST" duration-ms="254" status="PASS">
          <reporter-output>
          </reporter-output>
        </test-method> <!-- TearDown -->
      </class> <!-- TestCases.SignInValidation -->
    </test> <!-- Sigin -->
  </suite> <!-- Suite -->
</testng-results>
