<?xml version="1.0" encoding="UTF-8"?>
<!-- Generated by org.testng.reporters.JUnitReportReporter -->
<testsuite hostname="DESKTOP-OBQ3MPO" failures="0" tests="2" name="TestCases.CartPageValidation" time="2.046" errors="0" timestamp="2025-12-25T19:46:46 IST" skipped="0">
  <testcase classname="TestCases.CartPageValidation" name="TC01_CartValidation" time="2.003"/>
  <testcase classname="TestCases.CartPageValidation" name="TC02_RemoveProduct" time="0.043"/>
</testsuite> <!-- TestCases.CartPageValidation -->
