<?xml version="1.0" encoding="UTF-8"?>
<!-- Generated by org.testng.reporters.JUnitReportReporter -->
<testsuite hostname="DESKTOP-OBQ3MPO" failures="0" tests="2" name="TestCases.HomePageValidation" time="11.425" errors="0" timestamp="2025-12-25T19:46:46 IST" skipped="0">
  <testcase classname="TestCases.HomePageValidation" name="TC02_SearchProduct" time="3.859"/>
  <testcase classname="TestCases.HomePageValidation" name="TC01_LanguageValidation" time="7.566"/>
</testsuite> <!-- TestCases.HomePageValidation -->
