<?xml version="1.0" encoding="UTF-8"?>
<!-- Generated by org.testng.reporters.JUnitReportReporter -->
<testsuite hostname="DESKTOP-OBQ3MPO" failures="0" tests="2" name="TestCases.CartPageValidation" time="4.311" errors="0" timestamp="2025-12-24T20:04:18 IST" skipped="0">
  <testcase classname="TestCases.CartPageValidation" name="TC01_CartValidation" time="4.171"/>
  <testcase classname="TestCases.CartPageValidation" name="TC02_RemoveProduct" time="0.140"/>
</testsuite> <!-- TestCases.CartPageValidation -->
