<?xml version="1.0" encoding="UTF-8"?>
<!-- Generated by org.testng.reporters.JUnitReportReporter -->
<testsuite hostname="DESKTOP-OBQ3MPO" failures="0" tests="2" name="TestCases.ProductPageValidation" time="3.133" errors="0" timestamp="2025-12-18T16:47:40 IST" skipped="0">
  <testcase classname="TestCases.ProductPageValidation" name="TC01_SelectFeatures" time="3.067"/>
  <testcase classname="TestCases.ProductPageValidation" name="TC02_AddProduct" time="0.066"/>
</testsuite> <!-- TestCases.ProductPageValidation -->
