<?xml version="1.0" encoding="UTF-8"?>
<!-- Generated by org.testng.reporters.JUnitReportReporter -->
<testsuite hostname="DESKTOP-OBQ3MPO" failures="0" tests="2" name="TestCases.ProductPageValidation" time="2.033" errors="0" timestamp="2025-12-24T20:04:18 IST" skipped="0">
  <testcase classname="TestCases.ProductPageValidation" name="TC02_AddProduct" time="0.039"/>
  <testcase classname="TestCases.ProductPageValidation" name="TC01_SelectFeatures" time="1.994"/>
</testsuite> <!-- TestCases.ProductPageValidation -->
